  stdafx.cpp
  winMain.cpp
c:\users\sga\desktop\개발3팀 팀포트폴리오\아이작포토폴리오3\issaceteam\cplayer.h(106): warning C4244: 'return': 'float'에서 'int'(으)로 변환하면서 데이터가 손실될 수 있습니다.
c:\users\sga\desktop\개발3팀 팀포트폴리오\아이작포토폴리오3\issaceteam\cplayer.h(107): warning C4244: '=': 'int'에서 'float'(으)로 변환하면서 데이터가 손실될 수 있습니다.
c:\users\sga\desktop\개발3팀 팀포트폴리오\아이작포토폴리오3\issaceteam\groundenemy.h(48): warning C4244: '=': 'float'에서 'int'(으)로 변환하면서 데이터가 손실될 수 있습니다.
c:\users\sga\desktop\개발3팀 팀포트폴리오\아이작포토폴리오3\issaceteam\groundenemy.h(49): warning C4244: 'return': 'int'에서 'float'(으)로 변환하면서 데이터가 손실될 수 있습니다.
  util.cpp
  txtData.cpp
c:\users\sga\desktop\개발3팀 팀포트폴리오\아이작포토폴리오3\issaceteam\txtdata.cpp(21): warning C4996: 'strcpy': This function or variable may be unsafe. Consider using strcpy_s instead. To disable deprecation, use _CRT_SECURE_NO_WARNINGS. See online help for details.
  c:\program files (x86)\windows kits\10\include\10.0.10240.0\ucrt\string.h(119): note: 'strcpy' 선언을 참조하십시오.
c:\users\sga\desktop\개발3팀 팀포트폴리오\아이작포토폴리오3\issaceteam\txtdata.cpp(35): warning C4018: '<': signed 또는 unsigned가 일치하지 않습니다.
c:\users\sga\desktop\개발3팀 팀포트폴리오\아이작포토폴리오3\issaceteam\txtdata.cpp(38): warning C4018: '<': signed 또는 unsigned가 일치하지 않습니다.
c:\users\sga\desktop\개발3팀 팀포트폴리오\아이작포토폴리오3\issaceteam\txtdata.cpp(37): warning C4996: 'strcat': This function or variable may be unsafe. Consider using strcat_s instead. To disable deprecation, use _CRT_SECURE_NO_WARNINGS. See online help for details.
  c:\program files (x86)\windows kits\10\include\10.0.10240.0\ucrt\string.h(90): note: 'strcat' 선언을 참조하십시오.
c:\users\sga\desktop\개발3팀 팀포트폴리오\아이작포토폴리오3\issaceteam\txtdata.cpp(40): warning C4996: 'strcat': This function or variable may be unsafe. Consider using strcat_s instead. To disable deprecation, use _CRT_SECURE_NO_WARNINGS. See online help for details.
  c:\program files (x86)\windows kits\10\include\10.0.10240.0\ucrt\string.h(90): note: 'strcat' 선언을 참조하십시오.
c:\users\sga\desktop\개발3팀 팀포트폴리오\아이작포토폴리오3\issaceteam\txtdata.cpp(70): warning C4996: 'strtok': This function or variable may be unsafe. Consider using strtok_s instead. To disable deprecation, use _CRT_SECURE_NO_WARNINGS. See online help for details.
  c:\program files (x86)\windows kits\10\include\10.0.10240.0\ucrt\string.h(453): note: 'strtok' 선언을 참조하십시오.
c:\users\sga\desktop\개발3팀 팀포트폴리오\아이작포토폴리오3\issaceteam\txtdata.cpp(73): warning C4996: 'strtok': This function or variable may be unsafe. Consider using strtok_s instead. To disable deprecation, use _CRT_SECURE_NO_WARNINGS. See online help for details.
  c:\program files (x86)\windows kits\10\include\10.0.10240.0\ucrt\string.h(453): note: 'strtok' 선언을 참조하십시오.
  soundManager.cpp
  shootEnemy.cpp
  sceneTest.cpp
c:\users\sga\desktop\개발3팀 팀포트폴리오\아이작포토폴리오3\issaceteam\scenetest.cpp(25): warning C4996: 'sprintf': This function or variable may be unsafe. Consider using sprintf_s instead. To disable deprecation, use _CRT_SECURE_NO_WARNINGS. See online help for details.
  c:\program files (x86)\windows kits\10\include\10.0.10240.0\ucrt\stdio.h(1769): note: 'sprintf' 선언을 참조하십시오.
  sceneManager.cpp
  progressBar.cpp
c:\users\sga\desktop\개발3팀 팀포트폴리오\아이작포토폴리오3\issaceteam\progressbar.cpp(11): warning C4244: '=': 'int'에서 'float'(으)로 변환하면서 데이터가 손실될 수 있습니다.
c:\users\sga\desktop\개발3팀 팀포트폴리오\아이작포토폴리오3\issaceteam\progressbar.cpp(12): warning C4244: '=': 'int'에서 'float'(으)로 변환하면서 데이터가 손실될 수 있습니다.
c:\users\sga\desktop\개발3팀 팀포트폴리오\아이작포토폴리오3\issaceteam\progressbar.cpp(28): warning C4244: '인수': 'int'에서 'float'(으)로 변환하면서 데이터가 손실될 수 있습니다.
c:\users\sga\desktop\개발3팀 팀포트폴리오\아이작포토폴리오3\issaceteam\progressbar.cpp(29): warning C4244: '인수': 'int'에서 'float'(으)로 변환하면서 데이터가 손실될 수 있습니다.
c:\users\sga\desktop\개발3팀 팀포트폴리오\아이작포토폴리오3\issaceteam\progressbar.cpp(24): warning C4996: 'sprintf': This function or variable may be unsafe. Consider using sprintf_s instead. To disable deprecation, use _CRT_SECURE_NO_WARNINGS. See online help for details.
  c:\program files (x86)\windows kits\10\include\10.0.10240.0\ucrt\stdio.h(1769): note: 'sprintf' 선언을 참조하십시오.
c:\users\sga\desktop\개발3팀 팀포트폴리오\아이작포토폴리오3\issaceteam\progressbar.cpp(25): warning C4996: 'sprintf': This function or variable may be unsafe. Consider using sprintf_s instead. To disable deprecation, use _CRT_SECURE_NO_WARNINGS. See online help for details.
  c:\program files (x86)\windows kits\10\include\10.0.10240.0\ucrt\stdio.h(1769): note: 'sprintf' 선언을 참조하십시오.
c:\users\sga\desktop\개발3팀 팀포트폴리오\아이작포토폴리오3\issaceteam\progressbar.cpp(49): warning C4244: '인수': 'float'에서 'int'(으)로 변환하면서 데이터가 손실될 수 있습니다.
  playerData.cpp
  pixelCollision.cpp
c:\users\sga\desktop\개발3팀 팀포트폴리오\아이작포토폴리오3\issaceteam\pixelcollision.cpp(16): warning C4244: '인수': 'float'에서 'int'(으)로 변환하면서 데이터가 손실될 수 있습니다.
c:\users\sga\desktop\개발3팀 팀포트폴리오\아이작포토폴리오3\issaceteam\pixelcollision.cpp(19): warning C4244: '=': 'float'에서 'int'(으)로 변환하면서 데이터가 손실될 수 있습니다.
c:\users\sga\desktop\개발3팀 팀포트폴리오\아이작포토폴리오3\issaceteam\pixelcollision.cpp(41): warning C4244: '인수': 'float'에서 'int'(으)로 변환하면서 데이터가 손실될 수 있습니다.
c:\users\sga\desktop\개발3팀 팀포트폴리오\아이작포토폴리오3\issaceteam\pixelcollision.cpp(43): warning C4244: '=': 'float'에서 'int'(으)로 변환하면서 데이터가 손실될 수 있습니다.
c:\users\sga\desktop\개발3팀 팀포트폴리오\아이작포토폴리오3\issaceteam\pixelcollision.cpp(49): warning C4244: '인수': 'float'에서 'int'(으)로 변환하면서 데이터가 손실될 수 있습니다.
c:\users\sga\desktop\개발3팀 팀포트폴리오\아이작포토폴리오3\issaceteam\pixelcollision.cpp(56): warning C4244: '=': 'int'에서 'float'(으)로 변환하면서 데이터가 손실될 수 있습니다.
c:\users\sga\desktop\개발3팀 팀포트폴리오\아이작포토폴리오3\issaceteam\pixelcollision.cpp(83): warning C4244: '인수': 'float'에서 'int'(으)로 변환하면서 데이터가 손실될 수 있습니다.
  mainGame.cpp
c:\users\sga\desktop\개발3팀 팀포트폴리오\아이작포토폴리오3\issaceteam\cplayer.h(106): warning C4244: 'return': 'float'에서 'int'(으)로 변환하면서 데이터가 손실될 수 있습니다.
c:\users\sga\desktop\개발3팀 팀포트폴리오\아이작포토폴리오3\issaceteam\cplayer.h(107): warning C4244: '=': 'int'에서 'float'(으)로 변환하면서 데이터가 손실될 수 있습니다.
c:\users\sga\desktop\개발3팀 팀포트폴리오\아이작포토폴리오3\issaceteam\groundenemy.h(48): warning C4244: '=': 'float'에서 'int'(으)로 변환하면서 데이터가 손실될 수 있습니다.
c:\users\sga\desktop\개발3팀 팀포트폴리오\아이작포토폴리오3\issaceteam\groundenemy.h(49): warning C4244: 'return': 'int'에서 'float'(으)로 변환하면서 데이터가 손실될 수 있습니다.
  loadingScene.cpp
  loading.cpp
c:\users\sga\desktop\개발3팀 팀포트폴리오\아이작포토폴리오3\issaceteam\loading.cpp(27): warning C4800: 'BOOL': 'true' 또는 'false'로 bool 값을 강제하고 있습니다(성능 경고).
c:\users\sga\desktop\개발3팀 팀포트폴리오\아이작포토폴리오3\issaceteam\loading.cpp(40): warning C4244: '=': 'float'에서 'int'(으)로 변환하면서 데이터가 손실될 수 있습니다.
c:\users\sga\desktop\개발3팀 팀포트폴리오\아이작포토폴리오3\issaceteam\loading.cpp(41): warning C4244: '=': 'float'에서 'int'(으)로 변환하면서 데이터가 손실될 수 있습니다.
c:\users\sga\desktop\개발3팀 팀포트폴리오\아이작포토폴리오3\issaceteam\loading.cpp(44): warning C4800: 'BOOL': 'true' 또는 'false'로 bool 값을 강제하고 있습니다(성능 경고).
c:\users\sga\desktop\개발3팀 팀포트폴리오\아이작포토폴리오3\issaceteam\loading.cpp(61): warning C4800: 'BOOL': 'true' 또는 'false'로 bool 값을 강제하고 있습니다(성능 경고).
c:\users\sga\desktop\개발3팀 팀포트폴리오\아이작포토폴리오3\issaceteam\loading.cpp(74): warning C4244: '=': 'float'에서 'int'(으)로 변환하면서 데이터가 손실될 수 있습니다.
c:\users\sga\desktop\개발3팀 팀포트폴리오\아이작포토폴리오3\issaceteam\loading.cpp(75): warning C4244: '=': 'float'에서 'int'(으)로 변환하면서 데이터가 손실될 수 있습니다.
c:\users\sga\desktop\개발3팀 팀포트폴리오\아이작포토폴리오3\issaceteam\loading.cpp(80): warning C4800: 'BOOL': 'true' 또는 'false'로 bool 값을 강제하고 있습니다(성능 경고).
c:\users\sga\desktop\개발3팀 팀포트폴리오\아이작포토폴리오3\issaceteam\loading.cpp(133): warning C4244: '인수': 'float'에서 'int'(으)로 변환하면서 데이터가 손실될 수 있습니다.
c:\users\sga\desktop\개발3팀 팀포트폴리오\아이작포토폴리오3\issaceteam\loading.cpp(139): warning C4244: '인수': 'float'에서 'int'(으)로 변환하면서 데이터가 손실될 수 있습니다.
c:\users\sga\desktop\개발3팀 팀포트폴리오\아이작포토폴리오3\issaceteam\loading.cpp(142): warning C4805: '==': 연산에 'BOOL' 형식과 'bool' 형식을 함께 사용하는 것은 안전하지 않습니다.
c:\users\sga\desktop\개발3팀 팀포트폴리오\아이작포토폴리오3\issaceteam\loading.cpp(188): warning C4018: '>=': signed 또는 unsigned가 일치하지 않습니다.
c:\users\sga\desktop\개발3팀 팀포트폴리오\아이작포토폴리오3\issaceteam\loading.cpp(214): warning C4244: '인수': 'int'에서 'float'(으)로 변환하면서 데이터가 손실될 수 있습니다.
c:\users\sga\desktop\개발3팀 팀포트폴리오\아이작포토폴리오3\issaceteam\loading.cpp(228): warning C4244: '인수': 'int'에서 'float'(으)로 변환하면서 데이터가 손실될 수 있습니다.
c:\users\sga\desktop\개발3팀 팀포트폴리오\아이작포토폴리오3\issaceteam\loading.cpp(248): warning C4244: '인수': 'unsigned int'에서 'float'(으)로 변환하면서 데이터가 손실될 수 있습니다.
c:\users\sga\desktop\개발3팀 팀포트폴리오\아이작포토폴리오3\issaceteam\loading.cpp(248): warning C4244: '인수': 'int'에서 'float'(으)로 변환하면서 데이터가 손실될 수 있습니다.
c:\users\sga\desktop\개발3팀 팀포트폴리오\아이작포토폴리오3\issaceteam\loading.cpp(237): warning C4996: 'sprintf': This function or variable may be unsafe. Consider using sprintf_s instead. To disable deprecation, use _CRT_SECURE_NO_WARNINGS. See online help for details.
  c:\program files (x86)\windows kits\10\include\10.0.10240.0\ucrt\stdio.h(1769): note: 'sprintf' 선언을 참조하십시오.
c:\users\sga\desktop\개발3팀 팀포트폴리오\아이작포토폴리오3\issaceteam\loading.cpp(239): warning C4996: 'strcat': This function or variable may be unsafe. Consider using strcat_s instead. To disable deprecation, use _CRT_SECURE_NO_WARNINGS. See online help for details.
  c:\program files (x86)\windows kits\10\include\10.0.10240.0\ucrt\string.h(90): note: 'strcat' 선언을 참조하십시오.
  keyManager.cpp
  iniTestScene.cpp
  iniData.cpp
c:\users\sga\desktop\개발3팀 팀포트폴리오\아이작포토폴리오3\issaceteam\inidata.cpp(36): warning C4018: '<': signed 또는 unsigned가 일치하지 않습니다.
c:\users\sga\desktop\개발3팀 팀포트폴리오\아이작포토폴리오3\issaceteam\inidata.cpp(32): warning C4996: 'sprintf': This function or variable may be unsafe. Consider using sprintf_s instead. To disable deprecation, use _CRT_SECURE_NO_WARNINGS. See online help for details.
  c:\program files (x86)\windows kits\10\include\10.0.10240.0\ucrt\stdio.h(1769): note: 'sprintf' 선언을 참조하십시오.
c:\users\sga\desktop\개발3팀 팀포트폴리오\아이작포토폴리오3\issaceteam\inidata.cpp(34): warning C4996: 'strcat': This function or variable may be unsafe. Consider using strcat_s instead. To disable deprecation, use _CRT_SECURE_NO_WARNINGS. See online help for details.
  c:\program files (x86)\windows kits\10\include\10.0.10240.0\ucrt\string.h(90): note: 'strcat' 선언을 참조하십시오.
c:\users\sga\desktop\개발3팀 팀포트폴리오\아이작포토폴리오3\issaceteam\inidata.cpp(48): warning C4996: 'sprintf': This function or variable may be unsafe. Consider using sprintf_s instead. To disable deprecation, use _CRT_SECURE_NO_WARNINGS. See online help for details.
  c:\program files (x86)\windows kits\10\include\10.0.10240.0\ucrt\stdio.h(1769): note: 'sprintf' 선언을 참조하십시오.
c:\users\sga\desktop\개발3팀 팀포트폴리오\아이작포토폴리오3\issaceteam\inidata.cpp(50): warning C4996: 'strcat': This function or variable may be unsafe. Consider using strcat_s instead. To disable deprecation, use _CRT_SECURE_NO_WARNINGS. See online help for details.
  c:\program files (x86)\windows kits\10\include\10.0.10240.0\ucrt\string.h(90): note: 'strcat' 선언을 참조하십시오.
c:\users\sga\desktop\개발3팀 팀포트폴리오\아이작포토폴리오3\issaceteam\inidata.cpp(65): warning C4996: 'sprintf': This function or variable may be unsafe. Consider using sprintf_s instead. To disable deprecation, use _CRT_SECURE_NO_WARNINGS. See online help for details.
  c:\program files (x86)\windows kits\10\include\10.0.10240.0\ucrt\stdio.h(1769): note: 'sprintf' 선언을 참조하십시오.
c:\users\sga\desktop\개발3팀 팀포트폴리오\아이작포토폴리오3\issaceteam\inidata.cpp(67): warning C4996: 'strcat': This function or variable may be unsafe. Consider using strcat_s instead. To disable deprecation, use _CRT_SECURE_NO_WARNINGS. See online help for details.
  c:\program files (x86)\windows kits\10\include\10.0.10240.0\ucrt\string.h(90): note: 'strcat' 선언을 참조하십시오.
  imageManager.cpp
  image.cpp
c:\users\sga\desktop\개발3팀 팀포트폴리오\아이작포토폴리오3\issaceteam\image.cpp(351): warning C4244: '인수': 'float'에서 'int'(으)로 변환하면서 데이터가 손실될 수 있습니다.
  groundEnemy.cpp
c:\users\sga\desktop\개발3팀 팀포트폴리오\아이작포토폴리오3\issaceteam\groundenemy.h(48): warning C4244: '=': 'float'에서 'int'(으)로 변환하면서 데이터가 손실될 수 있습니다.
c:\users\sga\desktop\개발3팀 팀포트폴리오\아이작포토폴리오3\issaceteam\groundenemy.h(49): warning C4244: 'return': 'int'에서 'float'(으)로 변환하면서 데이터가 손실될 수 있습니다.
c:\users\sga\desktop\개발3팀 팀포트폴리오\아이작포토폴리오3\issaceteam\cplayer.h(106): warning C4244: 'return': 'float'에서 'int'(으)로 변환하면서 데이터가 손실될 수 있습니다.
c:\users\sga\desktop\개발3팀 팀포트폴리오\아이작포토폴리오3\issaceteam\cplayer.h(107): warning C4244: '=': 'int'에서 'float'(으)로 변환하면서 데이터가 손실될 수 있습니다.
c:\users\sga\desktop\개발3팀 팀포트폴리오\아이작포토폴리오3\issaceteam\groundenemy.cpp(23): warning C4244: '=': 'int'에서 'float'(으)로 변환하면서 데이터가 손실될 수 있습니다.
c:\users\sga\desktop\개발3팀 팀포트폴리오\아이작포토폴리오3\issaceteam\groundenemy.cpp(24): warning C4244: '=': 'int'에서 'float'(으)로 변환하면서 데이터가 손실될 수 있습니다.
c:\users\sga\desktop\개발3팀 팀포트폴리오\아이작포토폴리오3\issaceteam\groundenemy.cpp(25): warning C4244: '인수': 'float'에서 'int'(으)로 변환하면서 데이터가 손실될 수 있습니다.
c:\users\sga\desktop\개발3팀 팀포트폴리오\아이작포토폴리오3\issaceteam\groundenemy.cpp(85): warning C4244: '인수': 'float'에서 'int'(으)로 변환하면서 데이터가 손실될 수 있습니다.
c:\users\sga\desktop\개발3팀 팀포트폴리오\아이작포토폴리오3\issaceteam\groundenemy.cpp(89): warning C4244: '인수': 'float'에서 'int'(으)로 변환하면서 데이터가 손실될 수 있습니다.
  gameNode.cpp
  코드를 생성하고 있습니다...
c:\users\sga\desktop\개발3팀 팀포트폴리오\아이작포토폴리오3\issaceteam\inidata.cpp(55): warning C4172: 지역 변수 또는 임시: data의 주소를 반환하고 있습니다.
c:\users\sga\desktop\개발3팀 팀포트폴리오\아이작포토폴리오3\issaceteam\txtdata.cpp(44): warning C4172: 지역 변수 또는 임시: str의 주소를 반환하고 있습니다.
  컴파일하고 있습니다...
  fly.cpp
c:\users\sga\desktop\개발3팀 팀포트폴리오\아이작포토폴리오3\issaceteam\fly.h(43): warning C4244: '=': 'float'에서 'int'(으)로 변환하면서 데이터가 손실될 수 있습니다.
c:\users\sga\desktop\개발3팀 팀포트폴리오\아이작포토폴리오3\issaceteam\fly.h(44): warning C4244: 'return': 'int'에서 'float'(으)로 변환하면서 데이터가 손실될 수 있습니다.
c:\users\sga\desktop\개발3팀 팀포트폴리오\아이작포토폴리오3\issaceteam\cplayer.h(106): warning C4244: 'return': 'float'에서 'int'(으)로 변환하면서 데이터가 손실될 수 있습니다.
c:\users\sga\desktop\개발3팀 팀포트폴리오\아이작포토폴리오3\issaceteam\cplayer.h(107): warning C4244: '=': 'int'에서 'float'(으)로 변환하면서 데이터가 손실될 수 있습니다.
c:\users\sga\desktop\개발3팀 팀포트폴리오\아이작포토폴리오3\issaceteam\fly.cpp(13): warning C4244: '=': 'int'에서 'float'(으)로 변환하면서 데이터가 손실될 수 있습니다.
c:\users\sga\desktop\개발3팀 팀포트폴리오\아이작포토폴리오3\issaceteam\fly.cpp(14): warning C4244: '=': 'int'에서 'float'(으)로 변환하면서 데이터가 손실될 수 있습니다.
c:\users\sga\desktop\개발3팀 팀포트폴리오\아이작포토폴리오3\issaceteam\fly.cpp(15): warning C4244: '인수': 'float'에서 'int'(으)로 변환하면서 데이터가 손실될 수 있습니다.
c:\users\sga\desktop\개발3팀 팀포트폴리오\아이작포토폴리오3\issaceteam\fly.cpp(71): warning C4244: '인수': 'float'에서 'int'(으)로 변환하면서 데이터가 손실될 수 있습니다.
  enemyManager.cpp
c:\users\sga\desktop\개발3팀 팀포트폴리오\아이작포토폴리오3\issaceteam\groundenemy.h(48): warning C4244: '=': 'float'에서 'int'(으)로 변환하면서 데이터가 손실될 수 있습니다.
c:\users\sga\desktop\개발3팀 팀포트폴리오\아이작포토폴리오3\issaceteam\groundenemy.h(49): warning C4244: 'return': 'int'에서 'float'(으)로 변환하면서 데이터가 손실될 수 있습니다.
c:\users\sga\desktop\개발3팀 팀포트폴리오\아이작포토폴리오3\issaceteam\cplayer.h(106): warning C4244: 'return': 'float'에서 'int'(으)로 변환하면서 데이터가 손실될 수 있습니다.
c:\users\sga\desktop\개발3팀 팀포트폴리오\아이작포토폴리오3\issaceteam\cplayer.h(107): warning C4244: '=': 'int'에서 'float'(으)로 변환하면서 데이터가 손실될 수 있습니다.
c:\users\sga\desktop\개발3팀 팀포트폴리오\아이작포토폴리오3\issaceteam\enemymanager.cpp(107): warning C4018: '<': signed 또는 unsigned가 일치하지 않습니다.
  enemy.cpp
  effectManager.cpp
c:\users\sga\desktop\개발3팀 팀포트폴리오\아이작포토폴리오3\issaceteam\effectmanager.cpp(15): warning C4018: '<': signed 또는 unsigned가 일치하지 않습니다.
c:\users\sga\desktop\개발3팀 팀포트폴리오\아이작포토폴리오3\issaceteam\effectmanager.cpp(31): warning C4018: '<': signed 또는 unsigned가 일치하지 않습니다.
c:\users\sga\desktop\개발3팀 팀포트폴리오\아이작포토폴리오3\issaceteam\effectmanager.cpp(41): warning C4244: '=': 'float'에서 'int'(으)로 변환하면서 데이터가 손실될 수 있습니다.
c:\users\sga\desktop\개발3팀 팀포트폴리오\아이작포토폴리오3\issaceteam\effectmanager.cpp(42): warning C4244: '=': 'float'에서 'int'(으)로 변환하면서 데이터가 손실될 수 있습니다.
  cSceneManager.cpp
c:\users\sga\desktop\개발3팀 팀포트폴리오\아이작포토폴리오3\issaceteam\cplayer.h(106): warning C4244: 'return': 'float'에서 'int'(으)로 변환하면서 데이터가 손실될 수 있습니다.
c:\users\sga\desktop\개발3팀 팀포트폴리오\아이작포토폴리오3\issaceteam\cplayer.h(107): warning C4244: '=': 'int'에서 'float'(으)로 변환하면서 데이터가 손실될 수 있습니다.
  cSceneGame.cpp
c:\users\sga\desktop\개발3팀 팀포트폴리오\아이작포토폴리오3\issaceteam\cplayer.h(106): warning C4244: 'return': 'float'에서 'int'(으)로 변환하면서 데이터가 손실될 수 있습니다.
c:\users\sga\desktop\개발3팀 팀포트폴리오\아이작포토폴리오3\issaceteam\cplayer.h(107): warning C4244: '=': 'int'에서 'float'(으)로 변환하면서 데이터가 손실될 수 있습니다.
c:\users\sga\desktop\개발3팀 팀포트폴리오\아이작포토폴리오3\issaceteam\groundenemy.h(48): warning C4244: '=': 'float'에서 'int'(으)로 변환하면서 데이터가 손실될 수 있습니다.
c:\users\sga\desktop\개발3팀 팀포트폴리오\아이작포토폴리오3\issaceteam\groundenemy.h(49): warning C4244: 'return': 'int'에서 'float'(으)로 변환하면서 데이터가 손실될 수 있습니다.
  cPlayer.cpp
c:\users\sga\desktop\개발3팀 팀포트폴리오\아이작포토폴리오3\issaceteam\cplayer.h(106): warning C4244: 'return': 'float'에서 'int'(으)로 변환하면서 데이터가 손실될 수 있습니다.
c:\users\sga\desktop\개발3팀 팀포트폴리오\아이작포토폴리오3\issaceteam\cplayer.h(107): warning C4244: '=': 'int'에서 'float'(으)로 변환하면서 데이터가 손실될 수 있습니다.
c:\users\sga\desktop\개발3팀 팀포트폴리오\아이작포토폴리오3\issaceteam\cplayer.cpp(25): warning C4244: '인수': 'float'에서 'int'(으)로 변환하면서 데이터가 손실될 수 있습니다.
c:\users\sga\desktop\개발3팀 팀포트폴리오\아이작포토폴리오3\issaceteam\cplayer.cpp(26): warning C4244: '인수': 'float'에서 'int'(으)로 변환하면서 데이터가 손실될 수 있습니다.
c:\users\sga\desktop\개발3팀 팀포트폴리오\아이작포토폴리오3\issaceteam\cplayer.cpp(65): warning C4018: '<': signed 또는 unsigned가 일치하지 않습니다.
c:\users\sga\desktop\개발3팀 팀포트폴리오\아이작포토폴리오3\issaceteam\cplayer.cpp(165): warning C4018: '<': signed 또는 unsigned가 일치하지 않습니다.
c:\users\sga\desktop\개발3팀 팀포트폴리오\아이작포토폴리오3\issaceteam\cplayer.cpp(238): warning C4244: '인수': 'float'에서 'int'(으)로 변환하면서 데이터가 손실될 수 있습니다.
c:\users\sga\desktop\개발3팀 팀포트폴리오\아이작포토폴리오3\issaceteam\cplayer.cpp(238): warning C4244: '인수': 'int'에서 'float'(으)로 변환하면서 데이터가 손실될 수 있습니다.
c:\users\sga\desktop\개발3팀 팀포트폴리오\아이작포토폴리오3\issaceteam\cplayer.cpp(238): warning C4305: '인수': 'double'에서 'float'(으)로 잘립니다.
c:\users\sga\desktop\개발3팀 팀포트폴리오\아이작포토폴리오3\issaceteam\cplayer.cpp(244): warning C4244: '인수': 'float'에서 'int'(으)로 변환하면서 데이터가 손실될 수 있습니다.
c:\users\sga\desktop\개발3팀 팀포트폴리오\아이작포토폴리오3\issaceteam\cplayer.cpp(244): warning C4244: '인수': 'int'에서 'float'(으)로 변환하면서 데이터가 손실될 수 있습니다.
c:\users\sga\desktop\개발3팀 팀포트폴리오\아이작포토폴리오3\issaceteam\cplayer.cpp(244): warning C4305: '인수': 'double'에서 'float'(으)로 잘립니다.
c:\users\sga\desktop\개발3팀 팀포트폴리오\아이작포토폴리오3\issaceteam\cplayer.cpp(249): warning C4244: '인수': 'float'에서 'int'(으)로 변환하면서 데이터가 손실될 수 있습니다.
c:\users\sga\desktop\개발3팀 팀포트폴리오\아이작포토폴리오3\issaceteam\cplayer.cpp(249): warning C4244: '인수': 'int'에서 'float'(으)로 변환하면서 데이터가 손실될 수 있습니다.
c:\users\sga\desktop\개발3팀 팀포트폴리오\아이작포토폴리오3\issaceteam\cplayer.cpp(261): warning C4244: '인수': 'float'에서 'int'(으)로 변환하면서 데이터가 손실될 수 있습니다.
c:\users\sga\desktop\개발3팀 팀포트폴리오\아이작포토폴리오3\issaceteam\cplayer.cpp(261): warning C4244: '인수': 'int'에서 'float'(으)로 변환하면서 데이터가 손실될 수 있습니다.
c:\users\sga\desktop\개발3팀 팀포트폴리오\아이작포토폴리오3\issaceteam\cplayer.cpp(267): warning C4244: '인수': 'float'에서 'int'(으)로 변환하면서 데이터가 손실될 수 있습니다.
c:\users\sga\desktop\개발3팀 팀포트폴리오\아이작포토폴리오3\issaceteam\cplayer.cpp(267): warning C4244: '인수': 'int'에서 'float'(으)로 변환하면서 데이터가 손실될 수 있습니다.
c:\users\sga\desktop\개발3팀 팀포트폴리오\아이작포토폴리오3\issaceteam\cplayer.cpp(272): warning C4244: '인수': 'float'에서 'int'(으)로 변환하면서 데이터가 손실될 수 있습니다.
c:\users\sga\desktop\개발3팀 팀포트폴리오\아이작포토폴리오3\issaceteam\cplayer.cpp(272): warning C4244: '인수': 'int'에서 'float'(으)로 변환하면서 데이터가 손실될 수 있습니다.
c:\users\sga\desktop\개발3팀 팀포트폴리오\아이작포토폴리오3\issaceteam\cplayer.cpp(283): warning C4244: '인수': 'float'에서 'int'(으)로 변환하면서 데이터가 손실될 수 있습니다.
c:\users\sga\desktop\개발3팀 팀포트폴리오\아이작포토폴리오3\issaceteam\cplayer.cpp(283): warning C4244: '인수': 'int'에서 'float'(으)로 변환하면서 데이터가 손실될 수 있습니다.
c:\users\sga\desktop\개발3팀 팀포트폴리오\아이작포토폴리오3\issaceteam\cplayer.cpp(289): warning C4244: '인수': 'float'에서 'int'(으)로 변환하면서 데이터가 손실될 수 있습니다.
c:\users\sga\desktop\개발3팀 팀포트폴리오\아이작포토폴리오3\issaceteam\cplayer.cpp(289): warning C4244: '인수': 'int'에서 'float'(으)로 변환하면서 데이터가 손실될 수 있습니다.
c:\users\sga\desktop\개발3팀 팀포트폴리오\아이작포토폴리오3\issaceteam\cplayer.cpp(294): warning C4244: '인수': 'float'에서 'int'(으)로 변환하면서 데이터가 손실될 수 있습니다.
c:\users\sga\desktop\개발3팀 팀포트폴리오\아이작포토폴리오3\issaceteam\cplayer.cpp(294): warning C4244: '인수': 'int'에서 'float'(으)로 변환하면서 데이터가 손실될 수 있습니다.
c:\users\sga\desktop\개발3팀 팀포트폴리오\아이작포토폴리오3\issaceteam\cplayer.cpp(304): warning C4244: '인수': 'float'에서 'int'(으)로 변환하면서 데이터가 손실될 수 있습니다.
c:\users\sga\desktop\개발3팀 팀포트폴리오\아이작포토폴리오3\issaceteam\cplayer.cpp(304): warning C4244: '인수': 'int'에서 'float'(으)로 변환하면서 데이터가 손실될 수 있습니다.
c:\users\sga\desktop\개발3팀 팀포트폴리오\아이작포토폴리오3\issaceteam\cplayer.cpp(310): warning C4244: '인수': 'float'에서 'int'(으)로 변환하면서 데이터가 손실될 수 있습니다.
c:\users\sga\desktop\개발3팀 팀포트폴리오\아이작포토폴리오3\issaceteam\cplayer.cpp(310): warning C4244: '인수': 'int'에서 'float'(으)로 변환하면서 데이터가 손실될 수 있습니다.
c:\users\sga\desktop\개발3팀 팀포트폴리오\아이작포토폴리오3\issaceteam\cplayer.cpp(315): warning C4244: '인수': 'float'에서 'int'(으)로 변환하면서 데이터가 손실될 수 있습니다.
c:\users\sga\desktop\개발3팀 팀포트폴리오\아이작포토폴리오3\issaceteam\cplayer.cpp(315): warning C4244: '인수': 'int'에서 'float'(으)로 변환하면서 데이터가 손실될 수 있습니다.
c:\users\sga\desktop\개발3팀 팀포트폴리오\아이작포토폴리오3\issaceteam\cplayer.cpp(331): warning C4244: '인수': 'float'에서 'int'(으)로 변환하면서 데이터가 손실될 수 있습니다.
c:\users\sga\desktop\개발3팀 팀포트폴리오\아이작포토폴리오3\issaceteam\cplayer.cpp(331): warning C4244: '인수': 'int'에서 'float'(으)로 변환하면서 데이터가 손실될 수 있습니다.
c:\users\sga\desktop\개발3팀 팀포트폴리오\아이작포토폴리오3\issaceteam\cplayer.cpp(337): warning C4244: '인수': 'float'에서 'int'(으)로 변환하면서 데이터가 손실될 수 있습니다.
c:\users\sga\desktop\개발3팀 팀포트폴리오\아이작포토폴리오3\issaceteam\cplayer.cpp(337): warning C4244: '인수': 'int'에서 'float'(으)로 변환하면서 데이터가 손실될 수 있습니다.
c:\users\sga\desktop\개발3팀 팀포트폴리오\아이작포토폴리오3\issaceteam\cplayer.cpp(343): warning C4244: '인수': 'float'에서 'int'(으)로 변환하면서 데이터가 손실될 수 있습니다.
c:\users\sga\desktop\개발3팀 팀포트폴리오\아이작포토폴리오3\issaceteam\cplayer.cpp(343): warning C4244: '인수': 'int'에서 'float'(으)로 변환하면서 데이터가 손실될 수 있습니다.
c:\users\sga\desktop\개발3팀 팀포트폴리오\아이작포토폴리오3\issaceteam\cplayer.cpp(349): warning C4244: '인수': 'float'에서 'int'(으)로 변환하면서 데이터가 손실될 수 있습니다.
c:\users\sga\desktop\개발3팀 팀포트폴리오\아이작포토폴리오3\issaceteam\cplayer.cpp(349): warning C4244: '인수': 'int'에서 'float'(으)로 변환하면서 데이터가 손실될 수 있습니다.
c:\users\sga\desktop\개발3팀 팀포트폴리오\아이작포토폴리오3\issaceteam\cplayer.cpp(415): warning C4244: '인수': 'float'에서 'int'(으)로 변환하면서 데이터가 손실될 수 있습니다.
c:\users\sga\desktop\개발3팀 팀포트폴리오\아이작포토폴리오3\issaceteam\cplayer.cpp(416): warning C4244: '인수': 'float'에서 'int'(으)로 변환하면서 데이터가 손실될 수 있습니다.
  cItemManager.cpp
c:\users\sga\desktop\개발3팀 팀포트폴리오\아이작포토폴리오3\issaceteam\cplayer.h(106): warning C4244: 'return': 'float'에서 'int'(으)로 변환하면서 데이터가 손실될 수 있습니다.
c:\users\sga\desktop\개발3팀 팀포트폴리오\아이작포토폴리오3\issaceteam\cplayer.h(107): warning C4244: '=': 'int'에서 'float'(으)로 변환하면서 데이터가 손실될 수 있습니다.
c:\users\sga\desktop\개발3팀 팀포트폴리오\아이작포토폴리오3\issaceteam\citemmanager.cpp(77): warning C4244: '인수': 'float'에서 'int'(으)로 변환하면서 데이터가 손실될 수 있습니다.
c:\users\sga\desktop\개발3팀 팀포트폴리오\아이작포토폴리오3\issaceteam\citemmanager.cpp(122): warning C4244: '인수': 'float'에서 'int'(으)로 변환하면서 데이터가 손실될 수 있습니다.
c:\users\sga\desktop\개발3팀 팀포트폴리오\아이작포토폴리오3\issaceteam\citemmanager.cpp(129): warning C4018: '<': signed 또는 unsigned가 일치하지 않습니다.
c:\users\sga\desktop\개발3팀 팀포트폴리오\아이작포토폴리오3\issaceteam\citemmanager.cpp(138): warning C4018: '<': signed 또는 unsigned가 일치하지 않습니다.
c:\users\sga\desktop\개발3팀 팀포트폴리오\아이작포토폴리오3\issaceteam\citemmanager.cpp(149): warning C4018: '<': signed 또는 unsigned가 일치하지 않습니다.
c:\users\sga\desktop\개발3팀 팀포트폴리오\아이작포토폴리오3\issaceteam\citemmanager.cpp(162): warning C4244: '인수': 'float'에서 'int'(으)로 변환하면서 데이터가 손실될 수 있습니다.
c:\users\sga\desktop\개발3팀 팀포트폴리오\아이작포토폴리오3\issaceteam\citemmanager.cpp(312): warning C4018: '<': signed 또는 unsigned가 일치하지 않습니다.
c:\users\sga\desktop\개발3팀 팀포트폴리오\아이작포토폴리오3\issaceteam\citemmanager.cpp(326): warning C4244: '인수': 'float'에서 'int'(으)로 변환하면서 데이터가 손실될 수 있습니다.
c:\users\sga\desktop\개발3팀 팀포트폴리오\아이작포토폴리오3\issaceteam\citemmanager.cpp(429): warning C4244: '인수': 'float'에서 'int'(으)로 변환하면서 데이터가 손실될 수 있습니다.
c:\users\sga\desktop\개발3팀 팀포트폴리오\아이작포토폴리오3\issaceteam\citemmanager.cpp(449): warning C4018: '<': signed 또는 unsigned가 일치하지 않습니다.
c:\users\sga\desktop\개발3팀 팀포트폴리오\아이작포토폴리오3\issaceteam\citemmanager.cpp(539): warning C4018: '<': signed 또는 unsigned가 일치하지 않습니다.
c:\users\sga\desktop\개발3팀 팀포트폴리오\아이작포토폴리오3\issaceteam\citemmanager.cpp(555): warning C4244: '인수': 'float'에서 'int'(으)로 변환하면서 데이터가 손실될 수 있습니다.
  bullet.cpp
c:\users\sga\desktop\개발3팀 팀포트폴리오\아이작포토폴리오3\issaceteam\bullet.cpp(38): warning C4018: '<': signed 또는 unsigned가 일치하지 않습니다.
c:\users\sga\desktop\개발3팀 팀포트폴리오\아이작포토폴리오3\issaceteam\bullet.cpp(48): warning C4244: '=': 'int'에서 'float'(으)로 변환하면서 데이터가 손실될 수 있습니다.
c:\users\sga\desktop\개발3팀 팀포트폴리오\아이작포토폴리오3\issaceteam\bullet.cpp(55): warning C4244: '인수': 'float'에서 'int'(으)로 변환하면서 데이터가 손실될 수 있습니다.
c:\users\sga\desktop\개발3팀 팀포트폴리오\아이작포토폴리오3\issaceteam\bullet.cpp(71): warning C4244: '인수': 'float'에서 'int'(으)로 변환하면서 데이터가 손실될 수 있습니다.
c:\users\sga\desktop\개발3팀 팀포트폴리오\아이작포토폴리오3\issaceteam\bullet.cpp(124): warning C4018: '<': signed 또는 unsigned가 일치하지 않습니다.
c:\users\sga\desktop\개발3팀 팀포트폴리오\아이작포토폴리오3\issaceteam\bullet.cpp(142): warning C4244: '=': 'int'에서 'float'(으)로 변환하면서 데이터가 손실될 수 있습니다.
c:\users\sga\desktop\개발3팀 팀포트폴리오\아이작포토폴리오3\issaceteam\bullet.cpp(145): warning C4244: '=': 'int'에서 'float'(으)로 변환하면서 데이터가 손실될 수 있습니다.
c:\users\sga\desktop\개발3팀 팀포트폴리오\아이작포토폴리오3\issaceteam\bullet.cpp(151): warning C4244: '인수': 'float'에서 'int'(으)로 변환하면서 데이터가 손실될 수 있습니다.
c:\users\sga\desktop\개발3팀 팀포트폴리오\아이작포토폴리오3\issaceteam\bullet.cpp(167): warning C4244: '인수': 'float'에서 'int'(으)로 변환하면서 데이터가 손실될 수 있습니다.
c:\users\sga\desktop\개발3팀 팀포트폴리오\아이작포토폴리오3\issaceteam\bullet.cpp(179): warning C4244: '인수': 'float'에서 'int'(으)로 변환하면서 데이터가 손실될 수 있습니다.
c:\users\sga\desktop\개발3팀 팀포트폴리오\아이작포토폴리오3\issaceteam\bullet.cpp(191): warning C4244: '인수': 'float'에서 'int'(으)로 변환하면서 데이터가 손실될 수 있습니다.
c:\users\sga\desktop\개발3팀 팀포트폴리오\아이작포토폴리오3\issaceteam\bullet.cpp(203): warning C4244: '인수': 'float'에서 'int'(으)로 변환하면서 데이터가 손실될 수 있습니다.
c:\users\sga\desktop\개발3팀 팀포트폴리오\아이작포토폴리오3\issaceteam\bullet.cpp(273): warning C4018: '<': signed 또는 unsigned가 일치하지 않습니다.
c:\users\sga\desktop\개발3팀 팀포트폴리오\아이작포토폴리오3\issaceteam\bullet.cpp(286): warning C4244: '인수': 'float'에서 'int'(으)로 변환하면서 데이터가 손실될 수 있습니다.
c:\users\sga\desktop\개발3팀 팀포트폴리오\아이작포토폴리오3\issaceteam\bullet.cpp(300): warning C4244: '인수': 'float'에서 'int'(으)로 변환하면서 데이터가 손실될 수 있습니다.
  코드를 생성하고 있습니다...
  WindowAPI.vcxproj -> C:\Users\SGA\Desktop\개발3팀 팀포트폴리오\아이작포토폴리오3\IssaceTeam\Debug\WindowAPI.exe
