  cSceneManager.cpp
  cSceneGame.cpp
  cPlayer.cpp
c:\users\sga\desktop\새 폴더 (2)\issaceteam\cplayer.cpp(25): warning C4244: '인수': 'float'에서 'int'(으)로 변환하면서 데이터가 손실될 수 있습니다.
c:\users\sga\desktop\새 폴더 (2)\issaceteam\cplayer.cpp(54): warning C4244: '인수': 'float'에서 'int'(으)로 변환하면서 데이터가 손실될 수 있습니다.
c:\users\sga\desktop\새 폴더 (2)\issaceteam\cplayer.cpp(54): warning C4244: '인수': 'int'에서 'float'(으)로 변환하면서 데이터가 손실될 수 있습니다.
c:\users\sga\desktop\새 폴더 (2)\issaceteam\cplayer.cpp(58): warning C4244: '인수': 'float'에서 'int'(으)로 변환하면서 데이터가 손실될 수 있습니다.
c:\users\sga\desktop\새 폴더 (2)\issaceteam\cplayer.cpp(58): warning C4244: '인수': 'int'에서 'float'(으)로 변환하면서 데이터가 손실될 수 있습니다.
c:\users\sga\desktop\새 폴더 (2)\issaceteam\cplayer.cpp(62): warning C4244: '인수': 'float'에서 'int'(으)로 변환하면서 데이터가 손실될 수 있습니다.
c:\users\sga\desktop\새 폴더 (2)\issaceteam\cplayer.cpp(62): warning C4244: '인수': 'int'에서 'float'(으)로 변환하면서 데이터가 손실될 수 있습니다.
c:\users\sga\desktop\새 폴더 (2)\issaceteam\cplayer.cpp(66): warning C4244: '인수': 'float'에서 'int'(으)로 변환하면서 데이터가 손실될 수 있습니다.
c:\users\sga\desktop\새 폴더 (2)\issaceteam\cplayer.cpp(66): warning C4244: '인수': 'int'에서 'float'(으)로 변환하면서 데이터가 손실될 수 있습니다.
c:\users\sga\desktop\새 폴더 (2)\issaceteam\cplayer.cpp(135): warning C4244: '인수': 'float'에서 'int'(으)로 변환하면서 데이터가 손실될 수 있습니다.
  cItemManager.cpp
c:\users\sga\desktop\새 폴더 (2)\issaceteam\citemmanager.cpp(46): warning C4244: '인수': 'float'에서 'int'(으)로 변환하면서 데이터가 손실될 수 있습니다.
c:\users\sga\desktop\새 폴더 (2)\issaceteam\citemmanager.cpp(87): warning C4244: '인수': 'float'에서 'int'(으)로 변환하면서 데이터가 손실될 수 있습니다.
c:\users\sga\desktop\새 폴더 (2)\issaceteam\citemmanager.cpp(153): warning C4244: '인수': 'float'에서 'int'(으)로 변환하면서 데이터가 손실될 수 있습니다.
c:\users\sga\desktop\새 폴더 (2)\issaceteam\citemmanager.cpp(177): warning C4244: '인수': 'float'에서 'int'(으)로 변환하면서 데이터가 손실될 수 있습니다.
c:\users\sga\desktop\새 폴더 (2)\issaceteam\citemmanager.cpp(234): warning C4244: '인수': 'float'에서 'int'(으)로 변환하면서 데이터가 손실될 수 있습니다.
  코드를 생성하고 있습니다...
  WindowAPI.vcxproj -> C:\Users\SGA\Desktop\새 폴더 (2)\IssaceTeam\x64\Debug\WindowAPI.exe
